<?xml version="1.0" encoding="UTF-8"?>
<!-- Generated by org.testng.reporters.JUnitReportReporter -->
<testsuite hostname="Aparnas-MacBook-Air.local" failures="0" tests="5" name="testScript.LoginPageScript" time="35.325" errors="0" timestamp="2023-01-01T21:30:48 PST" skipped="0">
  <testcase classname="testScript.LoginPageScript" name="loginErrorMsg_TC01" time="4.519"/>
  <system-out/>
  <testcase classname="testScript.LoginPageScript" name="login_TC02" time="9.506"/>
  <system-out/>
  <testcase classname="testScript.LoginPageScript" name="rememberMe_TC03" time="13.592"/>
  <system-out/>
  <testcase classname="testScript.LoginPageScript" name="forgorPswd_TC04A" time="3.219"/>
  <system-out/>
  <testcase classname="testScript.LoginPageScript" name="invalidCredentials_TC04B" time="4.489"/>
  <system-out/>
</testsuite> <!-- testScript.LoginPageScript -->
