<?xml version="1.0" encoding="UTF-8"?>
<!-- Generated by org.testng.reporters.JUnitReportReporter -->
<testsuite hostname="Aparnas-MacBook-Air.local" failures="0" tests="1" name="testScript.ContactsScript" time="19.696" errors="0" timestamp="2023-01-19T09:02:20 PST" skipped="0">
  <testcase classname="testScript.ContactsScript" name="newContact_TC25" time="19.696"/>
  <system-out/>
</testsuite> <!-- testScript.ContactsScript -->
