<?xml version="1.0" encoding="UTF-8"?>
<!-- Generated by org.testng.reporters.JUnitReportReporter -->
<testsuite hostname="Aparnas-MacBook-Air.local" failures="0" tests="4" name="testScript.UserMenuScript" time="57.384" errors="0" timestamp="2023-01-02T18:19:43 PST" skipped="0">
  <testcase classname="testScript.UserMenuScript" name="verifyItems_TC05" time="10.307"/>
  <system-out/>
  <testcase classname="testScript.UserMenuScript" name="mySettings_TC07" time="23.206"/>
  <system-out/>
  <testcase classname="testScript.UserMenuScript" name="developerConsole_TC08" time="10.005"/>
  <system-out/>
  <testcase classname="testScript.UserMenuScript" name="logout_TC09" time="13.866"/>
  <system-out/>
</testsuite> <!-- testScript.UserMenuScript -->
