<?xml version="1.0" encoding="UTF-8"?>
<!-- Generated by org.testng.reporters.JUnitReportReporter -->
<testsuite hostname="Aparnas-MacBook-Air.local" failures="0" tests="5" name="testScript.createOptuntyScript" time="65.343" errors="0" timestamp="2023-01-04T14:21:43 PST" skipped="0">
  <testcase classname="testScript.createOptuntyScript" name="verifyOptunty_TC15" time="14.012"/>
  <system-out/>
  <testcase classname="testScript.createOptuntyScript" name="newOptunty_TC16" time="14.873"/>
  <system-out/>
  <testcase classname="testScript.createOptuntyScript" name="optuntyPipeline_TC17" time="10.541"/>
  <system-out/>
  <testcase classname="testScript.createOptuntyScript" name="stuckOptuntyReport_TC18" time="13.109"/>
  <system-out/>
  <testcase classname="testScript.createOptuntyScript" name="opQuatReport_TC19" time="12.808"/>
  <system-out/>
</testsuite> <!-- testScript.createOptuntyScript -->
