<?xml version="1.0" encoding="UTF-8"?>
<!-- Generated by org.testng.reporters.JUnitReportReporter -->
<testsuite hostname="Aparnas-MacBook-Air.local" failures="0" tests="1" name="testScript.UserMenuScript" time="37.198" errors="0" timestamp="2023-01-09T23:35:55 PST" skipped="0">
  <testcase classname="testScript.UserMenuScript" name="myProfile_TC06" time="37.198"/>
  <system-out/>
</testsuite> <!-- testScript.UserMenuScript -->
