<?xml version="1.0" encoding="UTF-8"?>
<!-- Generated by org.testng.reporters.JUnitReportReporter -->
<testsuite hostname="Aparnas-MacBook-Air.local" failures="0" tests="5" name="testScript.LeadsScript" time="67.326" errors="0" timestamp="2023-01-04T15:41:28 PST" skipped="0">
  <testcase classname="testScript.LeadsScript" name="leadsClick_TC20" time="10.579"/>
  <system-out/>
  <testcase classname="testScript.LeadsScript" name="leadsDropDown_TC21" time="11.173"/>
  <system-out/>
  <testcase classname="testScript.LeadsScript" name="leadsDefaultView_TC22" time="16.971"/>
  <system-out/>
  <testcase classname="testScript.LeadsScript" name="validateView_TC23" time="11.874"/>
  <system-out/>
  <testcase classname="testScript.LeadsScript" name="newLead_TC24" time="16.729"/>
  <system-out/>
</testsuite> <!-- testScript.LeadsScript -->
