<?xml version="1.0" encoding="UTF-8"?>
<!-- Generated by org.testng.reporters.JUnitReportReporter -->
<testsuite hostname="Aparnas-MacBook-Air.local" failures="0" tests="1" name="testScript.RandomScenariosScript" time="19.432" errors="0" timestamp="2023-01-09T23:41:42 PST" skipped="0">
  <testcase classname="testScript.RandomScenariosScript" name="myProfile_TC34" time="19.432"/>
  <system-out/>
</testsuite> <!-- testScript.RandomScenariosScript -->
