<?xml version="1.0" encoding="UTF-8"?>
<!-- Generated by org.testng.reporters.JUnitReportReporter -->
<testsuite hostname="Aparnas-MacBook-Air.local" failures="0" tests="1" name="testScript.createOptuntyScript" time="15.292" errors="0" timestamp="2023-01-03T23:56:09 PST" skipped="0">
  <testcase classname="testScript.createOptuntyScript" name="verifyOptunty_TC15" time="15.292"/>
  <system-out/>
</testsuite> <!-- testScript.createOptuntyScript -->
