<?xml version="1.0" encoding="UTF-8"?>
<!-- Generated by org.testng.reporters.JUnitReportReporter -->
<testsuite hostname="Aparnas-MacBook-Air.local" failures="0" tests="5" name="testScript.CreateAccountsScript" time="71.828" errors="0" timestamp="2023-01-02T22:46:28 PST" skipped="0">
  <testcase classname="testScript.CreateAccountsScript" name="createAccount_TC10" time="13.605"/>
  <system-out/>
  <testcase classname="testScript.CreateAccountsScript" name="createNewView_TC11" time="13.046"/>
  <system-out/>
  <testcase classname="testScript.CreateAccountsScript" name="editView_TC12" time="15.110"/>
  <system-out/>
  <testcase classname="testScript.CreateAccountsScript" name="mergeAcc_TC13" time="13.001"/>
  <system-out/>
  <testcase classname="testScript.CreateAccountsScript" name="createAccReport_TC14" time="17.066"/>
  <system-out/>
</testsuite> <!-- testScript.CreateAccountsScript -->
