<?xml version="1.0" encoding="UTF-8"?>
<!-- Generated by org.testng.reporters.JUnitReportReporter -->
<testsuite hostname="Aparnas-MacBook-Air.local" failures="0" tests="1" name="testScript.RandomScenariosScript" time="19.823" errors="0" timestamp="2023-01-06T15:30:17 PST" skipped="0">
  <testcase classname="testScript.RandomScenariosScript" name="verifyTab_TC35" time="19.823"/>
  <system-out/>
</testsuite> <!-- testScript.RandomScenariosScript -->
