<?xml version="1.0" encoding="UTF-8"?>
<!-- Generated by org.testng.reporters.JUnitReportReporter -->
<testsuite hostname="Aparnas-MacBook-Air.local" failures="0" tests="1" name="testScript.LoginPageScript" time="10.989" errors="0" timestamp="2023-01-19T09:41:08 PST" skipped="0">
  <testcase classname="testScript.LoginPageScript" name="loginErrorMsg_TC01" time="10.989"/>
  <system-out/>
</testsuite> <!-- testScript.LoginPageScript -->
