<?xml version="1.0" encoding="UTF-8"?>
<!-- Generated by org.testng.reporters.JUnitReportReporter -->
<testsuite hostname="Aparnas-MacBook-Air.local" failures="0" tests="1" name="testScript.ContactsScript" time="21.983" errors="0" timestamp="2023-01-20T07:54:19 PST" skipped="0">
  <testcase classname="testScript.ContactsScript" name="newContact_TC25" time="21.983"/>
  <system-out/>
</testsuite> <!-- testScript.ContactsScript -->
