<?xml version="1.0" encoding="UTF-8"?>
<!-- Generated by org.testng.reporters.JUnitReportReporter -->
<testsuite hostname="Aparnas-MacBook-Air.local" failures="0" tests="1" name="testScript.UserMenuScript" time="15.967" errors="0" timestamp="2023-01-19T09:20:36 PST" skipped="0">
  <testcase classname="testScript.UserMenuScript" name="logout_TC09" time="15.967"/>
  <system-out/>
</testsuite> <!-- testScript.UserMenuScript -->
