<?xml version="1.0" encoding="UTF-8"?>
<!-- Generated by org.testng.reporters.JUnitReportReporter -->
<testsuite hostname="Aparnas-MacBook-Air.local" failures="0" tests="8" name="testScript.ContactsScript" time="103.488" errors="0" timestamp="2023-01-05T15:39:38 PST" skipped="0">
  <testcase classname="testScript.ContactsScript" name="newContact_TC25" time="14.216"/>
  <system-out/>
  <testcase classname="testScript.ContactsScript" name="newContactView_TC26" time="13.333"/>
  <system-out/>
  <testcase classname="testScript.ContactsScript" name="recentContact_TC27" time="10.110"/>
  <system-out/>
  <testcase classname="testScript.ContactsScript" name="myContactView_TC28" time="13.180"/>
  <system-out/>
  <testcase classname="testScript.ContactsScript" name="viewContact_TC29" time="12.591"/>
  <system-out/>
  <testcase classname="testScript.ContactsScript" name="viewError_TC30" time="11.719"/>
  <system-out/>
  <testcase classname="testScript.ContactsScript" name="viewCancel_TC31" time="14.275"/>
  <system-out/>
  <testcase classname="testScript.ContactsScript" name="saveAndNew_TC32" time="14.064"/>
  <system-out/>
</testsuite> <!-- testScript.ContactsScript -->
